生成启动时间为 2018-12-11 21:03:00。
     1>项目“C:\Users\han.zh\Desktop\AutoWebSyncDB_V1.0.0\QRCodeClient\QRCodeClient\QRCodeClient.vcxproj”在节点 2 上(Build 个目标)。
     1>ClCompile:
         D:\Microsoft Visual Studio 11.0\VC\bin\CL.exe /c /I../ /ZI /nologo /W3 /WX- /sdl /Od /Oy- /D WIN32 /D _DEBUG /D _WINDOWS /D _UNICODE /D UNICODE /Gm /EHsc /RTC1 /MDd /GS /fp:precise /Zc:wchar_t /Zc:forScope /Fo"Debug\\" /Fd"Debug\vc110.pdb" /Gd /TP /analyze- /errorReport:prompt ClientNet.cpp
         ClientNet.cpp
     1>c:\users\han.zh\desktop\autowebsyncdb_v1.0.0\qrcodeclient\qrcodeclient\clientnet.cpp(16): warning C4244: “=”: 从“time_t”转换到“DWORD”，可能丢失数据
       Link:
         D:\Microsoft Visual Studio 11.0\VC\bin\link.exe /ERRORREPORT:PROMPT /OUT:"C:\Users\han.zh\Desktop\AutoWebSyncDB_V1.0.0\QRCodeClient\Debug\QRCodeClient.exe" /INCREMENTAL /NOLOGO kernel32.lib user32.lib gdi32.lib winspool.lib comdlg32.lib advapi32.lib shell32.lib ole32.lib oleaut32.lib uuid.lib odbc32.lib odbccp32.lib /MANIFEST /MANIFESTUAC:"level='asInvoker' uiAccess='false'" /manifest:embed /DEBUG /PDB:"C:\Users\han.zh\Desktop\AutoWebSyncDB_V1.0.0\QRCodeClient\Debug\QRCodeClient.pdb" /SUBSYSTEM:WINDOWS /TLBID:1 /DYNAMICBASE /NXCOMPAT /IMPLIB:"C:\Users\han.zh\Desktop\AutoWebSyncDB_V1.0.0\QRCodeClient\Debug\QRCodeClient.lib" /MACHINE:X86 Debug\QRCodeClient.res
         Debug\encrypt.obj
         Debug\netlist.obj
         Debug\packet.obj
         Debug\platform.obj
         Debug\session.obj
         Debug\socket.obj
         Debug\udpprocess.obj
         Debug\ClientNet.obj
         Debug\QRCodeClient.obj
         Debug\stdafx.obj
         QRCodeClient.vcxproj -> C:\Users\han.zh\Desktop\AutoWebSyncDB_V1.0.0\QRCodeClient\Debug\QRCodeClient.exe
     1>已完成生成项目“C:\Users\han.zh\Desktop\AutoWebSyncDB_V1.0.0\QRCodeClient\QRCodeClient\QRCodeClient.vcxproj”(Build 个目标)的操作。

生成成功。

已用时间 00:00:01.17
